<?xml version="1.0" encoding="UTF-8"?>
<!-- Generated by org.testng.reporters.JUnitXMLReporter -->
<testsuite ignored="0" hostname="DESKTOP-I0IJGIS" failures="0" tests="6" name="Test1" time="145.992" errors="0" timestamp="07 Oct 2022 11:00:09 GMT">
  <testcase classname="demo.TestngMultiBrowserDemo" name="@BeforeTest setup" time="0.0">
    <failure type="org.testng.TestNGException" message="
Parameter &amp;apos;browserName&amp;apos; is required by BeforeTest on method setup but has not been marked @Optional or defined
in E:\Selenium workspace\Test24\testngPackage.xml">
      <![CDATA[org.testng.TestNGException: 
Parameter 'browserName' is required by BeforeTest on method setup but has not been marked @Optional or defined
in E:\Selenium workspace\Test24\testngPackage.xml
... Removed 21 stack frames]]>
    </failure>
  </testcase> <!-- @BeforeTest setup -->
  <testcase classname="demo.TestngMultiBrowserDemo" name="@AfterTest logout" time="0.0">
    <skipped/>
  </testcase> <!-- @AfterTest logout -->
  <testcase classname="folder_2.Class_3" name="Test3" time="0.0">
    <skipped/>
  </testcase> <!-- Test3 -->
  <testcase classname="folder_1.Class_1" name="Test1" time="135.818"/>
  <testcase classname="folder_1.Class_2" name="Test2" time="135.818"/>
  <testcase classname="folder_2.Class_4" name="Test4" time="135.839"/>
  <testcase classname="folder_3.Class_6" name="Test6" time="145.053"/>
  <testcase classname="folder_3.Class_5" name="Test5" time="145.77"/>
</testsuite> <!-- Test1 -->
